\BOOKMARK [0][-]{chapter*.2}{\376\377\000\332\000v\000o\000d}{}% 1
\BOOKMARK [0][-]{chapter.1}{\376\377\000N\000a\000v\000r\001\176\000e\000n\000\341\000\040\000h\000r\000a\000\040\000-\000\040\000A\000s\000t\000e\000r\000o\000i\000d\000y}{}% 2
\BOOKMARK [1][-]{section.1.1}{\376\377\000H\000e\000r\000n\000\355\000\040\000l\000o\000g\000i\000k\000a}{chapter.1}% 3
\BOOKMARK [1][-]{section.1.2}{\376\377\000C\000\355\000l\000\040\000h\000r\000y}{chapter.1}% 4
\BOOKMARK [0][-]{chapter.2}{\376\377\000A\000r\000c\000h\000i\000t\000e\000k\000t\000u\000r\000a\000\040\000h\000r\000y}{}% 5
\BOOKMARK [1][-]{section.2.1}{\376\377\000P\000r\000o\000s\000t\001\131\000e\000d\000\355}{chapter.2}% 6
\BOOKMARK [2][-]{subsection.2.1.1}{\376\377\000S\000t\000a\000v\000\040\000p\000r\000o\000s\000t\001\131\000e\000d\000\355}{section.2.1}% 7
\BOOKMARK [1][-]{section.2.2}{\376\377\000A\000g\000e\000n\000t}{chapter.2}% 8
\BOOKMARK [1][-]{section.2.3}{\376\377\000G\000r\000a\000f\000i\000c\000k\000\351\000\040\000p\000r\000o\000s\000t\001\131\000e\000d\000\355}{chapter.2}% 9
\BOOKMARK [0][-]{chapter.3}{\376\377\000A\000k\001\015\000n\000\355\000\040\000p\000l\000\341\000n}{}% 10
\BOOKMARK [1][-]{section.3.1}{\376\377\000M\000o\000t\000i\000v\000a\000c\000e}{chapter.3}% 11
\BOOKMARK [1][-]{section.3.2}{\376\377\000J\000e\000d\000n\000o\000t\000l\000i\000v\000\040\000p\000l\000\341\000n\000y}{chapter.3}% 12
\BOOKMARK [2][-]{subsection.3.2.1}{\376\377\000\332\000t\000o\000k}{section.3.2}% 13
\BOOKMARK [2][-]{subsection.3.2.2}{\376\377\000S\000e\000s\000t\001\131\000e\000l\000u\000j\000\355\000c\000\355\000\040\000o\000b\000r\000a\000n\000a}{section.3.2}% 14
\BOOKMARK [2][-]{subsection.3.2.3}{\376\377\000\332\000h\000y\000b\000n\000\341\000\040\000o\000b\000r\000a\000n\000a}{section.3.2}% 15
\BOOKMARK [2][-]{subsection.3.2.4}{\376\377\000Z\000a\000s\000t\000a\000v\000e\000n\000\355\000\040\000l\000e\000t\000u}{section.3.2}% 16
\BOOKMARK [0][-]{chapter.4}{\376\377\000G\000e\000n\000e\000t\000i\000c\000k\000\351\000\040\000p\000r\000o\000g\000r\000a\000m\000o\000v\000\341\000n\000\355}{}% 17
\BOOKMARK [1][-]{section.4.1}{\376\377\000Z\000\341\000k\000l\000a\000d\000n\000\355\000\040\000p\000r\000i\000n\000c\000i\000p}{chapter.4}% 18
\BOOKMARK [1][-]{section.4.2}{\376\377\000V\000y\000u\001\176\000i\000t\000\355}{chapter.4}% 19
\BOOKMARK [1][-]{section.4.3}{\376\377\000A\000p\000l\000i\000k\000a\000c\000e}{chapter.4}% 20
\BOOKMARK [0][-]{chapter.5}{\376\377\000H\000l\000u\000b\000o\000k\000\351\000\040\000Q\000-\000u\001\015\000e\000n\000\355}{}% 21
\BOOKMARK [1][-]{section.5.1}{\376\377\000Z\000\341\000k\000l\000a\000d\000n\000\355\000\040\000p\000r\000i\000n\000c\000i\000p}{chapter.5}% 22
\BOOKMARK [1][-]{section.5.2}{\376\377\000V\000y\000u\001\176\000i\000t\000\355}{chapter.5}% 23
\BOOKMARK [1][-]{section.5.3}{\376\377\000A\000p\000l\000i\000k\000a\000c\000e}{chapter.5}% 24
\BOOKMARK [0][-]{chapter.6}{\376\377\000N\000E\000A\000T}{}% 25
\BOOKMARK [1][-]{section.6.1}{\376\377\000Z\000\341\000k\000l\000a\000d\000n\000\355\000\040\000p\000r\000i\000n\000c\000i\000p}{chapter.6}% 26
\BOOKMARK [1][-]{section.6.2}{\376\377\000V\000y\000u\001\176\000i\000t\000\355}{chapter.6}% 27
\BOOKMARK [1][-]{section.6.3}{\376\377\000A\000p\000l\000i\000k\000a\000c\000e}{chapter.6}% 28
\BOOKMARK [0][-]{chapter*.3}{\376\377\000S\000e\000z\000n\000a\000m\000\040\000o\000b\000r\000\341\000z\000k\001\157}{}% 29
